<?xml version="1.0" encoding="UTF-8"?>
<!-- Generated by org.testng.reporters.JUnitReportReporter -->
<testsuite hostname="LAPTOP-TT8VBAMA" failures="0" tests="3" name="practiceHomeTest.SampleReportTest" time="0.022" errors="0" timestamp="2025-05-08T17:41:30 IST" skipped="0">
  <testcase classname="practiceHomeTest.SampleReportTest" name="createContactWithOrg" time="0.003"/>
  <testcase classname="practiceHomeTest.SampleReportTest" name="createContactWithPhNo" time="0.003"/>
  <testcase classname="practiceHomeTest.SampleReportTest" name="createContactTest" time="0.016"/>
</testsuite> <!-- practiceHomeTest.SampleReportTest -->
