<?xml version="1.0" encoding="UTF-8"?>
<!-- Generated by org.testng.reporters.JUnitReportReporter -->
<testsuite hostname="LAPTOP-TT8VBAMA" failures="0" tests="1" name="extra4E2EScripts.Opportunities" time="25.510" errors="0" timestamp="2025-04-26T10:52:27 IST" skipped="0">
  <testcase classname="extra4E2EScripts.Opportunities" name="createOrg" time="25.510"/>
</testsuite> <!-- extra4E2EScripts.Opportunities -->
