<?xml version="1.0" encoding="UTF-8"?>
<!-- Generated by org.testng.reporters.JUnitReportReporter -->
<testsuite hostname="LAPTOP-TT8VBAMA" failures="0" tests="3" name="testNG.AmazonDataProvider" time="20.741" errors="0" timestamp="2025-05-05T18:12:11 IST" skipped="0">
  <testcase classname="testNG.AmazonDataProvider" name="getProductInfoTest" time="9.585"/>
  <testcase classname="testNG.AmazonDataProvider" name="getProductInfoTest" time="5.734"/>
  <testcase classname="testNG.AmazonDataProvider" name="getProductInfoTest" time="5.422"/>
</testsuite> <!-- testNG.AmazonDataProvider -->
