<?xml version="1.0" encoding="UTF-8"?>
<!-- Generated by org.testng.reporters.JUnitReportReporter -->
<testsuite hostname="LAPTOP-TT8VBAMA" failures="0" tests="1" name="pOM.TestWithPOM" time="3.669" errors="0" timestamp="2025-04-28T17:44:00 IST" skipped="0">
  <testcase classname="pOM.TestWithPOM" name="WithPOM" time="3.669"/>
</testsuite> <!-- pOM.TestWithPOM -->
