<?xml version="1.0" encoding="UTF-8"?>
<!-- Generated by org.testng.reporters.JUnitReportReporter -->
<testsuite hostname="LAPTOP-TT8VBAMA" failures="0" tests="2" name="createContactAndOrg.CreateContactTest" time="0.009" errors="0" timestamp="2025-05-06T11:20:41 IST" skipped="0">
  <testcase classname="createContactAndOrg.CreateContactTest" name="createContactWithSupportDate" time="0.002"/>
  <testcase classname="createContactAndOrg.CreateContactTest" name="createContact" time="0.007"/>
</testsuite> <!-- createContactAndOrg.CreateContactTest -->
