<?xml version="1.0" encoding="UTF-8"?>
<!-- Generated by org.testng.reporters.JUnitReportReporter -->
<testsuite hostname="LAPTOP-TT8VBAMA" failures="0" tests="1" name="testNG.AmazonTest" time="3.466" errors="0" timestamp="2025-05-05T15:40:37 IST" skipped="0">
  <testcase classname="testNG.AmazonTest" name="demo" time="3.466"/>
</testsuite> <!-- testNG.AmazonTest -->
