<?xml version="1.0" encoding="UTF-8"?>
<!-- Generated by org.testng.reporters.JUnitReportReporter -->
<testsuite hostname="LAPTOP-TT8VBAMA" failures="0" tests="1" name="com.comcast.crm.orgtest.CreateOrgWithPhoneNo" time="10.475" errors="0" timestamp="2025-04-24T12:14:25 IST" skipped="0">
  <testcase classname="com.comcast.crm.orgtest.CreateOrgWithPhoneNo" name="createOrg" time="10.475"/>
</testsuite> <!-- com.comcast.crm.orgtest.CreateOrgWithPhoneNo -->
