<?xml version="1.0" encoding="UTF-8"?>
<!-- Generated by org.testng.reporters.JUnitReportReporter -->
<testsuite hostname="LAPTOP-TT8VBAMA" failures="0" tests="2" name="practiceHomeTest.ReporterLog" time="0.014" errors="0" timestamp="2025-05-07T22:51:55 IST" skipped="0">
  <testcase classname="practiceHomeTest.ReporterLog" name="homePageTest" time="0.012">
    <system-out>
      <![CDATA[homePageTest Test Start
Step_1
Step_2
Step_3
Step_4
homePageTest Test End]]>
    </system-out>
  </testcase> <!-- homePageTest -->
  <testcase classname="practiceHomeTest.ReporterLog" name="verifyLogoHomePageTest" time="0.002">
    <system-out>
      <![CDATA[verifyLogoHomePageTest Test Start
Step_1
Step_2
Step_3
Step_4
verifyLogoHomePageTest Test End]]>
    </system-out>
  </testcase> <!-- verifyLogoHomePageTest -->
  <system-out>
    <![CDATA[homePageTest Test Start
Step_1
Step_2
Step_3
Step_4
homePageTest Test End
verifyLogoHomePageTest Test Start
Step_1
Step_2
Step_3
Step_4
verifyLogoHomePageTest Test End]]>
  </system-out>
</testsuite> <!-- practiceHomeTest.ReporterLog -->
