<?xml version="1.0" encoding="UTF-8"?>
<!-- Generated by org.testng.reporters.JUnitReportReporter -->
<testsuite hostname="LAPTOP-TT8VBAMA" failures="0" tests="1" name="practiceHomeTest.SampleTestForScreenShot" time="3.922" errors="0" timestamp="2025-05-08T10:37:53 IST" skipped="0">
  <testcase classname="practiceHomeTest.SampleTestForScreenShot" name="amazonTest" time="3.922"/>
</testsuite> <!-- practiceHomeTest.SampleTestForScreenShot -->
