<?xml version="1.0" encoding="UTF-8"?>
<!-- Generated by org.testng.reporters.JUnitReportReporter -->
<testsuite hostname="LAPTOP-TT8VBAMA" failures="0" tests="2" name="testNG.ConfigrationAnnotation" time="0.017" errors="0" timestamp="2025-05-06T10:17:28 IST" skipped="0">
  <testcase classname="testNG.ConfigrationAnnotation" name="createContactWithPhNo" time="0.006"/>
  <testcase classname="testNG.ConfigrationAnnotation" name="createContact" time="0.011"/>
</testsuite> <!-- testNG.ConfigrationAnnotation -->
