<?xml version="1.0" encoding="UTF-8"?>
<!-- Generated by org.testng.reporters.JUnitReportReporter -->
<testsuite hostname="LAPTOP-TT8VBAMA" failures="0" tests="1" name="extra4E2EScripts.Products" time="16.338" errors="0" timestamp="2025-04-26T10:51:17 IST" skipped="0">
  <testcase classname="extra4E2EScripts.Products" name="createOrg" time="16.338"/>
</testsuite> <!-- extra4E2EScripts.Products -->
