<?xml version="1.0" encoding="UTF-8"?>
<!-- Generated by org.testng.reporters.JUnitReportReporter -->
<testsuite hostname="LAPTOP-TT8VBAMA" failures="0" tests="2" name="createContactAndOrg.CreateOrgTest" time="0.004" errors="0" timestamp="2025-05-06T11:20:41 IST" skipped="0">
  <testcase classname="createContactAndOrg.CreateOrgTest" name="createOrg" time="0.002"/>
  <testcase classname="createContactAndOrg.CreateOrgTest" name="createOrgWithIndustry" time="0.002"/>
</testsuite> <!-- createContactAndOrg.CreateOrgTest -->
