<?xml version="1.0" encoding="UTF-8"?>
<!-- Generated by org.testng.reporters.JUnitReportReporter -->
<testsuite hostname="LAPTOP-TT8VBAMA" failures="0" tests="1" name="com.comcast.crm.contacttest.CreateContactWithOrg" time="14.391" errors="0" timestamp="2025-04-24T12:26:50 IST" skipped="0">
  <testcase classname="com.comcast.crm.contacttest.CreateContactWithOrg" name="createOrg" time="14.391"/>
</testsuite> <!-- com.comcast.crm.contacttest.CreateContactWithOrg -->
