<?xml version="1.0" encoding="UTF-8"?>
<!-- Generated by org.testng.reporters.JUnitReportReporter -->
<testsuite hostname="LAPTOP-TT8VBAMA" failures="0" tests="1" name="com.comcast.crm.orgtest.CreateOrganizationTest" time="7.672" errors="0" timestamp="2025-04-28T17:54:10 IST" skipped="0">
  <testcase classname="com.comcast.crm.orgtest.CreateOrganizationTest" name="createOrg" time="7.672"/>
</testsuite> <!-- com.comcast.crm.orgtest.CreateOrganizationTest -->
