<?xml version="1.0" encoding="UTF-8"?>
<!-- Generated by org.testng.reporters.JUnitReportReporter -->
<testsuite hostname="LAPTOP-TT8VBAMA" failures="0" tests="2" name="com.comcast.crm.contacttest.CreateContactText" time="0.006" errors="1" timestamp="2025-05-06T15:44:54 IST" skipped="1">
  <testcase classname="com.comcast.crm.contacttest.CreateContactText" name="createOrg" time="0.000">
    <skipped/>
  </testcase> <!-- createOrg -->
  <testcase classname="com.comcast.crm.contacttest.CreateContactText" name="BS" time="0.006">
    <error message="Unresolved compilation problem: 
	The method registerDriver(Driver) from the type DriverManager refers to the missing type Driver
" type="java.lang.Error">
      <![CDATA[java.lang.Error: Unresolved compilation problem: 
The method registerDriver(Driver) from the type DriverManager refers to the missing type Driver

at com.comcast.crm.generic.databaseutility.DataBaseUtility.getDBConnection(DataBaseUtility.java:31)
at baseGenerics.BaseClass.BS(BaseClass.java:36)
at java.base/jdk.internal.reflect.DirectMethodHandleAccessor.invoke(DirectMethodHandleAccessor.java:103)
at java.base/java.lang.reflect.Method.invoke(Method.java:580)
at org.testng.internal.invokers.MethodInvocationHelper.invokeMethod(MethodInvocationHelper.java:141)
at org.testng.internal.invokers.MethodInvocationHelper.invokeMethodConsideringTimeout(MethodInvocationHelper.java:71)
at org.testng.internal.invokers.ConfigInvoker.invokeConfigurationMethod(ConfigInvoker.java:400)
at org.testng.internal.invokers.ConfigInvoker.invokeConfigurations(ConfigInvoker.java:333)
at org.testng.SuiteRunner.privateRun(SuiteRunner.java:358)
at org.testng.SuiteRunner.run(SuiteRunner.java:312)
at org.testng.SuiteRunnerWorker.runSuite(SuiteRunnerWorker.java:52)
at org.testng.SuiteRunnerWorker.run(SuiteRunnerWorker.java:95)
at org.testng.TestNG.runSuitesSequentially(TestNG.java:1274)
at org.testng.TestNG.runSuitesLocally(TestNG.java:1208)
at org.testng.TestNG.runSuites(TestNG.java:1112)
at org.testng.TestNG.run(TestNG.java:1079)
at org.testng.remote.AbstractRemoteTestNG.run(AbstractRemoteTestNG.java:115)
at org.testng.remote.RemoteTestNG.initAndRun(RemoteTestNG.java:293)
at org.testng.remote.RemoteTestNG.main(RemoteTestNG.java:91)
]]>
    </error>
  </testcase> <!-- BS -->
</testsuite> <!-- com.comcast.crm.contacttest.CreateContactText -->
