<?xml version="1.0" encoding="UTF-8"?>
<!-- Generated by org.testng.reporters.JUnitReportReporter -->
<testsuite hostname="LAPTOP-TT8VBAMA" failures="0" tests="1" name="com.comcast.crm.contacttest.CreateContactWithSupportDate" time="10.050" errors="0" timestamp="2025-04-24T12:13:35 IST" skipped="0">
  <testcase classname="com.comcast.crm.contacttest.CreateContactWithSupportDate" name="createOrg" time="10.050"/>
</testsuite> <!-- com.comcast.crm.contacttest.CreateContactWithSupportDate -->
